<?xml version="1.0" encoding="UTF-8"?>
<testng-results skipped="0" failed="0" ignored="0" total="1" passed="1">
  <reporter-output>
  </reporter-output>
  <suite name="Default suite" duration-ms="5079" started-at="2023-05-21T06:28:35Z" finished-at="2023-05-21T06:28:40Z">
    <groups>
    </groups>
    <test name="Default test" duration-ms="5079" started-at="2023-05-21T06:28:35Z" finished-at="2023-05-21T06:28:40Z">
      <class name="ParameterAll.QuerryParameter">
        <test-method status="PASS" signature="getQurreyParameter()[pri:0, instance:ParameterAll.QuerryParameter@4c70fda8]" name="getQurreyParameter" duration-ms="5034" started-at="2023-05-21T06:28:35Z" finished-at="2023-05-21T06:28:40Z">
          <reporter-output>
          </reporter-output>
        </test-method> <!-- getQurreyParameter -->
      </class> <!-- ParameterAll.QuerryParameter -->
    </test> <!-- Default test -->
  </suite> <!-- Default suite -->
</testng-results>
